<?xml version="1.0" encoding="UTF-8"?>
<testng-results skipped="0" failed="1" ignored="0" total="6" passed="5">
  <reporter-output>
  </reporter-output>
  <suite name="Default suite" duration-ms="47866" started-at="2018-07-13T16:49:38Z" finished-at="2018-07-13T16:50:25Z">
    <groups>
    </groups>
    <test name="Default test" duration-ms="47866" started-at="2018-07-13T16:49:38Z" finished-at="2018-07-13T16:50:25Z">
      <class name="tests.A4DashBoardElementsTest">
        <test-method status="PASS" signature="config()[pri:0, instance:tests.A4DashBoardElementsTest@146ba0ac]" name="config" is-config="true" duration-ms="41" started-at="2018-07-13T09:49:38Z" finished-at="2018-07-13T09:49:38Z">
          <reporter-output>
          </reporter-output>
        </test-method> <!-- config -->
        <test-method status="PASS" signature="baseClass()[pri:0, instance:tests.A4DashBoardElementsTest@146ba0ac]" name="baseClass" is-config="true" duration-ms="28144" started-at="2018-07-13T09:49:38Z" finished-at="2018-07-13T09:50:06Z">
          <reporter-output>
          </reporter-output>
        </test-method> <!-- baseClass -->
        <test-method status="PASS" signature="HomePageSearchBoxPresence()[pri:0, instance:tests.A4DashBoardElementsTest@146ba0ac]" name="HomePageSearchBoxPresence" duration-ms="5216" started-at="2018-07-13T09:50:06Z" finished-at="2018-07-13T09:50:11Z">
          <reporter-output>
          </reporter-output>
        </test-method> <!-- HomePageSearchBoxPresence -->
        <test-method status="PASS" signature="addressTabPresence()[pri:0, instance:tests.A4DashBoardElementsTest@146ba0ac]" name="addressTabPresence" duration-ms="916" started-at="2018-07-13T09:50:11Z" finished-at="2018-07-13T09:50:12Z">
          <reporter-output>
          </reporter-output>
        </test-method> <!-- addressTabPresence -->
        <test-method status="PASS" signature="todaysDealLinkPresence()[pri:0, instance:tests.A4DashBoardElementsTest@146ba0ac]" name="todaysDealLinkPresence" duration-ms="5561" started-at="2018-07-13T09:50:12Z" finished-at="2018-07-13T09:50:18Z">
          <reporter-output>
          </reporter-output>
        </test-method> <!-- todaysDealLinkPresence -->
        <test-method status="PASS" signature="AmazonPayPagelinkPresence()[pri:0, instance:tests.A4DashBoardElementsTest@146ba0ac]" name="AmazonPayPagelinkPresence" duration-ms="1362" started-at="2018-07-13T09:50:18Z" finished-at="2018-07-13T09:50:19Z">
          <reporter-output>
          </reporter-output>
        </test-method> <!-- AmazonPayPagelinkPresence -->
        <test-method status="PASS" signature="quitDriver()[pri:0, instance:tests.A4DashBoardElementsTest@146ba0ac]" name="quitDriver" duration-ms="6402" started-at="2018-07-13T09:50:19Z" finished-at="2018-07-13T09:50:25Z">
          <reporter-output>
          </reporter-output>
        </test-method> <!-- quitDriver -->
        <test-method status="FAIL" signature="yourOdersMembershipElementPesence()[pri:0, instance:tests.A4DashBoardElementsTest@146ba0ac]" name="yourOdersMembershipElementPesence" duration-ms="141" started-at="2018-07-13T09:50:25Z" finished-at="2018-07-13T09:50:25Z">
          <exception class="org.openqa.selenium.NoSuchSessionException">
            <message>
              <![CDATA[Session ID is null. Using WebDriver after calling quit()?
Build info: version: '3.4.0', revision: 'unknown', time: 'unknown'
System info: host: 'DESKTOP-OEGT8E1', ip: '192.168.86.34', os.name: 'Windows 10', os.arch: 'amd64', os.version: '10.0', java.version: '1.8.0_144'
Driver info: driver.version: RemoteWebDriver]]>
            </message>
            <full-stacktrace>
              <![CDATA[org.openqa.selenium.NoSuchSessionException: Session ID is null. Using WebDriver after calling quit()?
Build info: version: '3.4.0', revision: 'unknown', time: 'unknown'
System info: host: 'DESKTOP-OEGT8E1', ip: '192.168.86.34', os.name: 'Windows 10', os.arch: 'amd64', os.version: '10.0', java.version: '1.8.0_144'
Driver info: driver.version: RemoteWebDriver
	at org.openqa.selenium.remote.HttpCommandExecutor.execute(HttpCommandExecutor.java:131)
	at org.openqa.selenium.remote.service.DriverCommandExecutor.execute(DriverCommandExecutor.java:82)
	at org.openqa.selenium.remote.RemoteWebDriver.execute(RemoteWebDriver.java:637)
	at org.openqa.selenium.remote.RemoteWebDriver.findElement(RemoteWebDriver.java:410)
	at org.openqa.selenium.remote.RemoteWebDriver.findElementByXPath(RemoteWebDriver.java:509)
	at org.openqa.selenium.By$ByXPath.findElement(By.java:361)
	at org.openqa.selenium.remote.RemoteWebDriver.findElement(RemoteWebDriver.java:402)
	at Pages.DashBoardElementpage.yoursOrdersElement(DashBoardElementpage.java:18)
	at tests.A4DashBoardElementsTest.yourOdersMembershipElementPesence(A4DashBoardElementsTest.java:15)
	at sun.reflect.NativeMethodAccessorImpl.invoke0(Native Method)
	at sun.reflect.NativeMethodAccessorImpl.invoke(Unknown Source)
	at sun.reflect.DelegatingMethodAccessorImpl.invoke(Unknown Source)
	at java.lang.reflect.Method.invoke(Unknown Source)
	at org.testng.internal.MethodInvocationHelper.invokeMethod(MethodInvocationHelper.java:108)
	at org.testng.internal.Invoker.invokeMethod(Invoker.java:669)
	at org.testng.internal.Invoker.invokeTestMethod(Invoker.java:877)
	at org.testng.internal.Invoker.invokeTestMethods(Invoker.java:1201)
	at org.testng.internal.TestMethodWorker.invokeTestMethods(TestMethodWorker.java:125)
	at org.testng.internal.TestMethodWorker.run(TestMethodWorker.java:109)
	at org.testng.TestRunner.privateRun(TestRunner.java:776)
	at org.testng.TestRunner.run(TestRunner.java:634)
	at org.testng.SuiteRunner.runTest(SuiteRunner.java:425)
	at org.testng.SuiteRunner.runSequentially(SuiteRunner.java:420)
	at org.testng.SuiteRunner.privateRun(SuiteRunner.java:385)
	at org.testng.SuiteRunner.run(SuiteRunner.java:334)
	at org.testng.SuiteRunnerWorker.runSuite(SuiteRunnerWorker.java:52)
	at org.testng.SuiteRunnerWorker.run(SuiteRunnerWorker.java:86)
	at org.testng.TestNG.runSuitesSequentially(TestNG.java:1318)
	at org.testng.TestNG.runSuitesLocally(TestNG.java:1243)
	at org.testng.TestNG.runSuites(TestNG.java:1161)
	at org.testng.TestNG.run(TestNG.java:1129)
	at org.testng.remote.AbstractRemoteTestNG.run(AbstractRemoteTestNG.java:114)
	at org.testng.remote.RemoteTestNG.initAndRun(RemoteTestNG.java:251)
	at org.testng.remote.RemoteTestNG.main(RemoteTestNG.java:77)
]]>
            </full-stacktrace>
          </exception> <!-- org.openqa.selenium.NoSuchSessionException -->
          <reporter-output>
          </reporter-output>
        </test-method> <!-- yourOdersMembershipElementPesence -->
      </class> <!-- tests.A4DashBoardElementsTest -->
    </test> <!-- Default test -->
  </suite> <!-- Default suite -->
</testng-results>
